2023-11-28 09:50:19.283 [info] Extension host with pid 303000 started
2023-11-28 09:50:19.368 [info] Lock '/home/debian/.vscode-server/data/User/workspaceStorage/00b2d13b8425d59e6f8d1b82b97411dc/vscode.lock': Lock acquired.
2023-11-28 09:50:19.536 [info] ExtensionService#_doActivateExtension vscode.typescript-language-features, startup: false, activationEvent: 'onLanguage:javascript'
2023-11-28 09:50:19.551 [info] ExtensionService#_doActivateExtension vscode.emmet, startup: false, activationEvent: 'onLanguage'
2023-11-28 09:50:21.546 [info] ExtensionService#_doActivateExtension vscode.git-base, startup: true, activationEvent: '*', root cause: vscode.git
2023-11-28 09:50:22.821 [info] ExtensionService#_doActivateExtension vscode.git, startup: true, activationEvent: '*'
2023-11-28 09:50:22.831 [info] ExtensionService#_doActivateExtension vscode.github, startup: true, activationEvent: '*'
2023-11-28 09:50:26.781 [info] Eager extensions activated
2023-11-28 09:50:26.795 [info] ExtensionService#_doActivateExtension vscode.debug-auto-launch, startup: false, activationEvent: 'onStartupFinished'
2023-11-28 09:50:26.806 [info] ExtensionService#_doActivateExtension vscode.merge-conflict, startup: false, activationEvent: 'onStartupFinished'
2023-11-28 09:51:08.781 [info] ExtensionService#_doActivateExtension vscode.npm, startup: false, activationEvent: 'onTerminalQuickFixRequest:ms-vscode.npm-command'
2023-11-28 10:11:13.093 [info] ExtensionService#_doActivateExtension vscode.extension-editing, startup: false, activationEvent: 'onLanguage:json'
2023-11-28 10:11:13.095 [info] ExtensionService#_doActivateExtension vscode.json-language-features, startup: false, activationEvent: 'onLanguage:json'
2023-11-28 10:11:19.625 [info] ExtensionService#_doActivateExtension vscode.html-language-features, startup: false, activationEvent: 'onLanguage:html'
2023-11-28 11:43:03.364 [warning] [Decorations] CAPPING events from decorations provider vscode.git 2730
2023-11-28 11:43:05.102 [warning] [Decorations] CAPPING events from decorations provider vscode.git 2730
2023-11-28 11:43:08.150 [warning] [Decorations] CAPPING events from decorations provider vscode.git 2730
2023-11-28 11:43:13.427 [warning] [Decorations] CAPPING events from decorations provider vscode.git 2730
2023-11-28 11:43:18.674 [warning] [Decorations] CAPPING events from decorations provider vscode.git 2730
2023-11-28 11:43:24.004 [warning] [Decorations] CAPPING events from decorations provider vscode.git 2730
2023-11-28 11:43:29.552 [warning] [Decorations] CAPPING events from decorations provider vscode.git 2730
