0 verbose cli [ '/usr/bin/node', '/usr/bin/npm', 'start' ]
1 info using npm@7.5.2
2 info using node@v12.22.12
3 timing config:load:defaults Completed in 3ms
4 timing config:load:file:/usr/share/nodejs/npm/npmrc Completed in 3ms
5 timing config:load:builtin Completed in 4ms
6 timing config:load:cli Completed in 3ms
7 timing config:load:env Completed in 1ms
8 timing config:load:project Completed in 2ms
9 timing config:load:file:/home/debian/.npmrc Completed in 0ms
10 timing config:load:user Completed in 0ms
11 timing config:load:file:/etc/npmrc Completed in 1ms
12 timing config:load:global Completed in 1ms
13 timing config:load:cafile Completed in 0ms
14 timing config:load:validate Completed in 0ms
15 timing config:load:setUserAgent Completed in 1ms
16 timing config:load:setEnvs Completed in 1ms
17 timing config:load Completed in 18ms
18 verbose npm-session 63d6d946d23f3c0e
19 timing npm:load Completed in 46ms
20 timing command:run-script Completed in 5ms
21 timing command:start Completed in 10ms
22 verbose stack Error: ENOENT: no such file or directory, open '/home/debian/package.json'
23 verbose cwd /home/debian
24 verbose Linux 5.10.0-13-amd64
25 verbose argv "/usr/bin/node" "/usr/bin/npm" "start"
26 verbose node v12.22.12
27 verbose npm  v7.5.2
28 error code ENOENT
29 error syscall open
30 error path /home/debian/package.json
31 error errno -2
32 error enoent ENOENT: no such file or directory, open '/home/debian/package.json'
33 error enoent This is related to npm not being able to find a file.
34 verbose exit -2
