0 verbose cli [ '/usr/bin/node', '/usr/bin/npm', 'start' ]
1 info using npm@7.5.2
2 info using node@v12.22.12
3 timing config:load:defaults Completed in 5ms
4 timing config:load:file:/usr/share/nodejs/npm/npmrc Completed in 6ms
5 timing config:load:builtin Completed in 6ms
6 timing config:load:cli Completed in 3ms
7 timing config:load:env Completed in 1ms
8 timing config:load:file:/home/debian/projetbotel/.npmrc Completed in 0ms
9 timing config:load:project Completed in 1ms
10 timing config:load:file:/home/debian/.npmrc Completed in 0ms
11 timing config:load:user Completed in 1ms
12 timing config:load:file:/etc/npmrc Completed in 0ms
13 timing config:load:global Completed in 0ms
14 timing config:load:cafile Completed in 1ms
15 timing config:load:validate Completed in 0ms
16 timing config:load:setUserAgent Completed in 1ms
17 timing config:load:setEnvs Completed in 2ms
18 timing config:load Completed in 21ms
19 verbose npm-session 1c0d45dcc36f5de4
20 timing npm:load Completed in 47ms
21 timing command:run-script Completed in 6ms
22 timing command:start Completed in 11ms
23 verbose stack Error: missing script: start
23 verbose stack     at runScript (/usr/share/nodejs/npm/lib/run-script.js:54:11)
24 verbose cwd /home/debian/projetbotel
25 verbose Linux 5.10.0-13-amd64
26 verbose argv "/usr/bin/node" "/usr/bin/npm" "start"
27 verbose node v12.22.12
28 verbose npm  v7.5.2
29 error missing script: start
30 verbose exit 1
