2023-11-21 09:21:06.171 [info] Log level: Info
2023-11-21 09:21:06.171 [info] Validating found git in: "git"
2023-11-21 09:21:06.171 [info] Using git "2.30.2" from "git"
2023-11-21 09:21:06.171 [info] > git rev-parse --show-toplevel [323ms]
2023-11-21 09:21:06.171 [info] fatal: not a git repository (or any of the parent directories): .git
2023-11-21 09:21:06.171 [info] > git rev-parse --show-toplevel [24ms]
2023-11-21 09:21:06.171 [info] fatal: not a git repository (or any of the parent directories): .git
2023-11-21 09:21:06.171 [info] > git rev-parse --show-toplevel [12ms]
2023-11-21 09:21:06.171 [info] fatal: not a git repository (or any of the parent directories): .git
2023-11-21 09:21:06.172 [info] > git rev-parse --show-toplevel [24ms]
2023-11-21 09:21:06.172 [info] fatal: not a git repository (or any of the parent directories): .git
2023-11-21 09:21:06.172 [info] > git rev-parse --show-toplevel [116ms]
2023-11-21 09:21:06.172 [info] fatal: not a git repository (or any of the parent directories): .git
2023-11-21 09:21:06.172 [info] > git rev-parse --show-toplevel [29ms]
2023-11-21 09:21:06.172 [info] fatal: not a git repository (or any of the parent directories): .git
2023-11-21 09:21:06.172 [info] > git rev-parse --show-toplevel [20ms]
2023-11-21 09:21:06.172 [info] fatal: not a git repository (or any of the parent directories): .git
2023-11-21 09:21:24.967 [info] > git rev-parse --show-toplevel [7ms]
2023-11-21 09:21:24.967 [info] fatal: not a git repository (or any of the parent directories): .git
2023-11-21 09:21:30.778 [info] > git rev-parse --show-toplevel [14ms]
2023-11-21 09:21:30.778 [info] fatal: not a git repository (or any of the parent directories): .git
